<?xml version="1.0" encoding="UTF-8"?>
<testsuite xmlns:xsi="http://www.w3.org/2001/XMLSchema-instance" xsi:noNamespaceSchemaLocation="https://maven.apache.org/surefire/maven-surefire-plugin/xsd/surefire-test-report-3.0.xsd" version="3.0" name="sbtech.NG.TestNG" time="0.588" tests="1" errors="0" skipped="0" failures="0">
  <properties>
    <property name="java.specification.version" value="17"/>
    <property name="sun.cpu.isalist" value="amd64"/>
    <property name="sun.jnu.encoding" value="Cp1252"/>
    <property name="java.class.path" value="C:\Users\Hunter\eclipse-workspace\NG\target\test-classes;C:\Users\Hunter\eclipse-workspace\NG\target\classes;C:\Users\Hunter\.m2\repository\de\agilecoders\wicket\wicket-bootstrap-core\7.0.3\wicket-bootstrap-core-7.0.3.jar;C:\Users\Hunter\.m2\repository\de\agilecoders\wicket\jquery-selectors\4.0.4\jquery-selectors-4.0.4.jar;C:\Users\Hunter\.m2\repository\com\fasterxml\jackson\core\jackson-core\2.16.2\jackson-core-2.16.2.jar;C:\Users\Hunter\.m2\repository\com\fasterxml\jackson\core\jackson-databind\2.16.2\jackson-databind-2.16.2.jar;C:\Users\Hunter\.m2\repository\com\fasterxml\jackson\core\jackson-annotations\2.16.2\jackson-annotations-2.16.2.jar;C:\Users\Hunter\.m2\repository\de\agilecoders\wicket\webjars\wicket-webjars\4.0.3\wicket-webjars-4.0.3.jar;C:\Users\Hunter\.m2\repository\org\webjars\bootstrap\5.3.3\bootstrap-5.3.3.jar;C:\Users\Hunter\.m2\repository\org\webjars\npm\popperjs__core\2.11.8\popperjs__core-2.11.8.jar;C:\Users\Hunter\.m2\repository\org\webjars\modernizr\2.8.3-1\modernizr-2.8.3-1.jar;C:\Users\Hunter\.m2\repository\org\apache\wicket\wicket-extensions\10.0.0\wicket-extensions-10.0.0.jar;C:\Users\Hunter\.m2\repository\org\apache\wicket\wicket-request\10.0.0\wicket-request-10.0.0.jar;C:\Users\Hunter\.m2\repository\org\apache\wicket\wicket-util\10.0.0\wicket-util-10.0.0.jar;C:\Users\Hunter\.m2\repository\commons-io\commons-io\2.15.1\commons-io-2.15.1.jar;C:\Users\Hunter\.m2\repository\org\apache\commons\commons-collections4\4.4\commons-collections4-4.4.jar;C:\Users\Hunter\.m2\repository\org\apache\commons\commons-fileupload2-jakarta-servlet5\2.0.0-M2\commons-fileupload2-jakarta-servlet5-2.0.0-M2.jar;C:\Users\Hunter\.m2\repository\org\apache\commons\commons-fileupload2-core\2.0.0-M2\commons-fileupload2-core-2.0.0-M2.jar;C:\Users\Hunter\.m2\repository\org\slf4j\slf4j-api\2.0.12\slf4j-api-2.0.12.jar;C:\Users\Hunter\.m2\repository\org\apache\commons\commons-lang3\3.14.0\commons-lang3-3.14.0.jar;C:\Users\Hunter\.m2\repository\org\apache\wicket\wicket-core\10.0.0\wicket-core-10.0.0.jar;C:\Users\Hunter\.m2\repository\com\github\openjson\openjson\1.0.13\openjson-1.0.13.jar;C:\Users\Hunter\.m2\repository\org\danekja\jdk-serializable-functional\1.9.0\jdk-serializable-functional-1.9.0.jar;C:\Users\Hunter\.m2\repository\org\apache\wicket\wicket-native-websocket-javax\10.0.0\wicket-native-websocket-javax-10.0.0.jar;C:\Users\Hunter\.m2\repository\org\apache\wicket\wicket-native-websocket-core\10.0.0\wicket-native-websocket-core-10.0.0.jar;C:\Users\Hunter\.m2\repository\com\h2database\h2\2.2.224\h2-2.2.224.jar;C:\Users\Hunter\.m2\repository\org\slf4j\slf4j-simple\2.0.12\slf4j-simple-2.0.12.jar;C:\Users\Hunter\.m2\repository\org\junit\jupiter\junit-jupiter-engine\5.10.2\junit-jupiter-engine-5.10.2.jar;C:\Users\Hunter\.m2\repository\org\junit\platform\junit-platform-engine\1.10.2\junit-platform-engine-1.10.2.jar;C:\Users\Hunter\.m2\repository\org\opentest4j\opentest4j\1.3.0\opentest4j-1.3.0.jar;C:\Users\Hunter\.m2\repository\org\junit\platform\junit-platform-commons\1.10.2\junit-platform-commons-1.10.2.jar;C:\Users\Hunter\.m2\repository\org\junit\jupiter\junit-jupiter-api\5.10.2\junit-jupiter-api-5.10.2.jar;C:\Users\Hunter\.m2\repository\org\apiguardian\apiguardian-api\1.1.2\apiguardian-api-1.1.2.jar;C:\Users\Hunter\.m2\repository\org\apache\wicket\wicket-tester\10.0.0\wicket-tester-10.0.0.jar;C:\Users\Hunter\.m2\repository\org\assertj\assertj-core\3.25.3\assertj-core-3.25.3.jar;C:\Users\Hunter\.m2\repository\net\bytebuddy\byte-buddy\1.14.11\byte-buddy-1.14.11.jar;C:\Users\Hunter\.m2\repository\org\junit\jupiter\junit-jupiter-params\5.10.2\junit-jupiter-params-5.10.2.jar;C:\Users\Hunter\.m2\repository\org\eclipse\jetty\jetty-server\11.0.14\jetty-server-11.0.14.jar;C:\Users\Hunter\.m2\repository\org\eclipse\jetty\toolchain\jetty-jakarta-servlet-api\5.0.2\jetty-jakarta-servlet-api-5.0.2.jar;C:\Users\Hunter\.m2\repository\org\eclipse\jetty\jetty-http\11.0.14\jetty-http-11.0.14.jar;C:\Users\Hunter\.m2\repository\org\eclipse\jetty\jetty-io\11.0.14\jetty-io-11.0.14.jar;C:\Users\Hunter\.m2\repository\org\eclipse\jetty\jetty-webapp\11.0.14\jetty-webapp-11.0.14.jar;C:\Users\Hunter\.m2\repository\org\eclipse\jetty\jetty-servlet\11.0.14\jetty-servlet-11.0.14.jar;C:\Users\Hunter\.m2\repository\org\eclipse\jetty\jetty-security\11.0.14\jetty-security-11.0.14.jar;C:\Users\Hunter\.m2\repository\org\eclipse\jetty\jetty-xml\11.0.14\jetty-xml-11.0.14.jar;C:\Users\Hunter\.m2\repository\org\eclipse\jetty\jetty-jmx\11.0.14\jetty-jmx-11.0.14.jar;C:\Users\Hunter\.m2\repository\org\eclipse\jetty\jetty-util\11.0.14\jetty-util-11.0.14.jar;C:\Users\Hunter\.m2\repository\org\eclipse\jetty\websocket\websocket-jakarta-server\11.0.14\websocket-jakarta-server-11.0.14.jar;C:\Users\Hunter\.m2\repository\org\eclipse\jetty\websocket\websocket-jakarta-client\11.0.14\websocket-jakarta-client-11.0.14.jar;C:\Users\Hunter\.m2\repository\org\eclipse\jetty\websocket\websocket-jakarta-common\11.0.14\websocket-jakarta-common-11.0.14.jar;C:\Users\Hunter\.m2\repository\org\eclipse\jetty\websocket\websocket-core-client\11.0.14\websocket-core-client-11.0.14.jar;C:\Users\Hunter\.m2\repository\org\eclipse\jetty\websocket\websocket-core-common\11.0.14\websocket-core-common-11.0.14.jar;C:\Users\Hunter\.m2\repository\org\eclipse\jetty\jetty-client\11.0.14\jetty-client-11.0.14.jar;C:\Users\Hunter\.m2\repository\org\eclipse\jetty\jetty-alpn-client\11.0.14\jetty-alpn-client-11.0.14.jar;C:\Users\Hunter\.m2\repository\org\eclipse\jetty\websocket\websocket-servlet\11.0.14\websocket-servlet-11.0.14.jar;C:\Users\Hunter\.m2\repository\org\eclipse\jetty\websocket\websocket-core-server\11.0.14\websocket-core-server-11.0.14.jar;C:\Users\Hunter\.m2\repository\org\eclipse\jetty\jetty-annotations\11.0.14\jetty-annotations-11.0.14.jar;C:\Users\Hunter\.m2\repository\org\eclipse\jetty\jetty-plus\11.0.14\jetty-plus-11.0.14.jar;C:\Users\Hunter\.m2\repository\jakarta\transaction\jakarta.transaction-api\2.0.0\jakarta.transaction-api-2.0.0.jar;C:\Users\Hunter\.m2\repository\org\eclipse\jetty\jetty-jndi\11.0.14\jetty-jndi-11.0.14.jar;C:\Users\Hunter\.m2\repository\jakarta\annotation\jakarta.annotation-api\2.1.1\jakarta.annotation-api-2.1.1.jar;C:\Users\Hunter\.m2\repository\org\ow2\asm\asm\9.4\asm-9.4.jar;C:\Users\Hunter\.m2\repository\org\ow2\asm\asm-commons\9.4\asm-commons-9.4.jar;C:\Users\Hunter\.m2\repository\org\ow2\asm\asm-tree\9.4\asm-tree-9.4.jar;C:\Users\Hunter\.m2\repository\org\eclipse\jetty\toolchain\jetty-jakarta-websocket-api\2.0.0\jetty-jakarta-websocket-api-2.0.0.jar;"/>
    <property name="java.vm.vendor" value="Oracle Corporation"/>
    <property name="sun.arch.data.model" value="64"/>
    <property name="user.variant" value=""/>
    <property name="java.vendor.url" value="https://java.oracle.com/"/>
    <property name="user.timezone" value="America/Phoenix"/>
    <property name="os.name" value="Windows 11"/>
    <property name="java.vm.specification.version" value="17"/>
    <property name="sun.java.launcher" value="SUN_STANDARD"/>
    <property name="user.country" value="US"/>
    <property name="sun.boot.library.path" value="C:\Program Files\Java\jdk-17\bin"/>
    <property name="sun.java.command" value="C:\Users\Hunter\AppData\Local\Temp\surefire3506696343102779116\surefirebooter-20240529231138774_3.jar C:\Users\Hunter\AppData\Local\Temp\surefire3506696343102779116 2024-05-29T23-11-38_649-jvmRun1 surefire-20240529231138774_1tmp surefire_0-20240529231138774_2tmp"/>
    <property name="jdk.debug" value="release"/>
    <property name="surefire.test.class.path" value="C:\Users\Hunter\eclipse-workspace\NG\target\test-classes;C:\Users\Hunter\eclipse-workspace\NG\target\classes;C:\Users\Hunter\.m2\repository\de\agilecoders\wicket\wicket-bootstrap-core\7.0.3\wicket-bootstrap-core-7.0.3.jar;C:\Users\Hunter\.m2\repository\de\agilecoders\wicket\jquery-selectors\4.0.4\jquery-selectors-4.0.4.jar;C:\Users\Hunter\.m2\repository\com\fasterxml\jackson\core\jackson-core\2.16.2\jackson-core-2.16.2.jar;C:\Users\Hunter\.m2\repository\com\fasterxml\jackson\core\jackson-databind\2.16.2\jackson-databind-2.16.2.jar;C:\Users\Hunter\.m2\repository\com\fasterxml\jackson\core\jackson-annotations\2.16.2\jackson-annotations-2.16.2.jar;C:\Users\Hunter\.m2\repository\de\agilecoders\wicket\webjars\wicket-webjars\4.0.3\wicket-webjars-4.0.3.jar;C:\Users\Hunter\.m2\repository\org\webjars\bootstrap\5.3.3\bootstrap-5.3.3.jar;C:\Users\Hunter\.m2\repository\org\webjars\npm\popperjs__core\2.11.8\popperjs__core-2.11.8.jar;C:\Users\Hunter\.m2\repository\org\webjars\modernizr\2.8.3-1\modernizr-2.8.3-1.jar;C:\Users\Hunter\.m2\repository\org\apache\wicket\wicket-extensions\10.0.0\wicket-extensions-10.0.0.jar;C:\Users\Hunter\.m2\repository\org\apache\wicket\wicket-request\10.0.0\wicket-request-10.0.0.jar;C:\Users\Hunter\.m2\repository\org\apache\wicket\wicket-util\10.0.0\wicket-util-10.0.0.jar;C:\Users\Hunter\.m2\repository\commons-io\commons-io\2.15.1\commons-io-2.15.1.jar;C:\Users\Hunter\.m2\repository\org\apache\commons\commons-collections4\4.4\commons-collections4-4.4.jar;C:\Users\Hunter\.m2\repository\org\apache\commons\commons-fileupload2-jakarta-servlet5\2.0.0-M2\commons-fileupload2-jakarta-servlet5-2.0.0-M2.jar;C:\Users\Hunter\.m2\repository\org\apache\commons\commons-fileupload2-core\2.0.0-M2\commons-fileupload2-core-2.0.0-M2.jar;C:\Users\Hunter\.m2\repository\org\slf4j\slf4j-api\2.0.12\slf4j-api-2.0.12.jar;C:\Users\Hunter\.m2\repository\org\apache\commons\commons-lang3\3.14.0\commons-lang3-3.14.0.jar;C:\Users\Hunter\.m2\repository\org\apache\wicket\wicket-core\10.0.0\wicket-core-10.0.0.jar;C:\Users\Hunter\.m2\repository\com\github\openjson\openjson\1.0.13\openjson-1.0.13.jar;C:\Users\Hunter\.m2\repository\org\danekja\jdk-serializable-functional\1.9.0\jdk-serializable-functional-1.9.0.jar;C:\Users\Hunter\.m2\repository\org\apache\wicket\wicket-native-websocket-javax\10.0.0\wicket-native-websocket-javax-10.0.0.jar;C:\Users\Hunter\.m2\repository\org\apache\wicket\wicket-native-websocket-core\10.0.0\wicket-native-websocket-core-10.0.0.jar;C:\Users\Hunter\.m2\repository\com\h2database\h2\2.2.224\h2-2.2.224.jar;C:\Users\Hunter\.m2\repository\org\slf4j\slf4j-simple\2.0.12\slf4j-simple-2.0.12.jar;C:\Users\Hunter\.m2\repository\org\junit\jupiter\junit-jupiter-engine\5.10.2\junit-jupiter-engine-5.10.2.jar;C:\Users\Hunter\.m2\repository\org\junit\platform\junit-platform-engine\1.10.2\junit-platform-engine-1.10.2.jar;C:\Users\Hunter\.m2\repository\org\opentest4j\opentest4j\1.3.0\opentest4j-1.3.0.jar;C:\Users\Hunter\.m2\repository\org\junit\platform\junit-platform-commons\1.10.2\junit-platform-commons-1.10.2.jar;C:\Users\Hunter\.m2\repository\org\junit\jupiter\junit-jupiter-api\5.10.2\junit-jupiter-api-5.10.2.jar;C:\Users\Hunter\.m2\repository\org\apiguardian\apiguardian-api\1.1.2\apiguardian-api-1.1.2.jar;C:\Users\Hunter\.m2\repository\org\apache\wicket\wicket-tester\10.0.0\wicket-tester-10.0.0.jar;C:\Users\Hunter\.m2\repository\org\assertj\assertj-core\3.25.3\assertj-core-3.25.3.jar;C:\Users\Hunter\.m2\repository\net\bytebuddy\byte-buddy\1.14.11\byte-buddy-1.14.11.jar;C:\Users\Hunter\.m2\repository\org\junit\jupiter\junit-jupiter-params\5.10.2\junit-jupiter-params-5.10.2.jar;C:\Users\Hunter\.m2\repository\org\eclipse\jetty\jetty-server\11.0.14\jetty-server-11.0.14.jar;C:\Users\Hunter\.m2\repository\org\eclipse\jetty\toolchain\jetty-jakarta-servlet-api\5.0.2\jetty-jakarta-servlet-api-5.0.2.jar;C:\Users\Hunter\.m2\repository\org\eclipse\jetty\jetty-http\11.0.14\jetty-http-11.0.14.jar;C:\Users\Hunter\.m2\repository\org\eclipse\jetty\jetty-io\11.0.14\jetty-io-11.0.14.jar;C:\Users\Hunter\.m2\repository\org\eclipse\jetty\jetty-webapp\11.0.14\jetty-webapp-11.0.14.jar;C:\Users\Hunter\.m2\repository\org\eclipse\jetty\jetty-servlet\11.0.14\jetty-servlet-11.0.14.jar;C:\Users\Hunter\.m2\repository\org\eclipse\jetty\jetty-security\11.0.14\jetty-security-11.0.14.jar;C:\Users\Hunter\.m2\repository\org\eclipse\jetty\jetty-xml\11.0.14\jetty-xml-11.0.14.jar;C:\Users\Hunter\.m2\repository\org\eclipse\jetty\jetty-jmx\11.0.14\jetty-jmx-11.0.14.jar;C:\Users\Hunter\.m2\repository\org\eclipse\jetty\jetty-util\11.0.14\jetty-util-11.0.14.jar;C:\Users\Hunter\.m2\repository\org\eclipse\jetty\websocket\websocket-jakarta-server\11.0.14\websocket-jakarta-server-11.0.14.jar;C:\Users\Hunter\.m2\repository\org\eclipse\jetty\websocket\websocket-jakarta-client\11.0.14\websocket-jakarta-client-11.0.14.jar;C:\Users\Hunter\.m2\repository\org\eclipse\jetty\websocket\websocket-jakarta-common\11.0.14\websocket-jakarta-common-11.0.14.jar;C:\Users\Hunter\.m2\repository\org\eclipse\jetty\websocket\websocket-core-client\11.0.14\websocket-core-client-11.0.14.jar;C:\Users\Hunter\.m2\repository\org\eclipse\jetty\websocket\websocket-core-common\11.0.14\websocket-core-common-11.0.14.jar;C:\Users\Hunter\.m2\repository\org\eclipse\jetty\jetty-client\11.0.14\jetty-client-11.0.14.jar;C:\Users\Hunter\.m2\repository\org\eclipse\jetty\jetty-alpn-client\11.0.14\jetty-alpn-client-11.0.14.jar;C:\Users\Hunter\.m2\repository\org\eclipse\jetty\websocket\websocket-servlet\11.0.14\websocket-servlet-11.0.14.jar;C:\Users\Hunter\.m2\repository\org\eclipse\jetty\websocket\websocket-core-server\11.0.14\websocket-core-server-11.0.14.jar;C:\Users\Hunter\.m2\repository\org\eclipse\jetty\jetty-annotations\11.0.14\jetty-annotations-11.0.14.jar;C:\Users\Hunter\.m2\repository\org\eclipse\jetty\jetty-plus\11.0.14\jetty-plus-11.0.14.jar;C:\Users\Hunter\.m2\repository\jakarta\transaction\jakarta.transaction-api\2.0.0\jakarta.transaction-api-2.0.0.jar;C:\Users\Hunter\.m2\repository\org\eclipse\jetty\jetty-jndi\11.0.14\jetty-jndi-11.0.14.jar;C:\Users\Hunter\.m2\repository\jakarta\annotation\jakarta.annotation-api\2.1.1\jakarta.annotation-api-2.1.1.jar;C:\Users\Hunter\.m2\repository\org\ow2\asm\asm\9.4\asm-9.4.jar;C:\Users\Hunter\.m2\repository\org\ow2\asm\asm-commons\9.4\asm-commons-9.4.jar;C:\Users\Hunter\.m2\repository\org\ow2\asm\asm-tree\9.4\asm-tree-9.4.jar;C:\Users\Hunter\.m2\repository\org\eclipse\jetty\toolchain\jetty-jakarta-websocket-api\2.0.0\jetty-jakarta-websocket-api-2.0.0.jar;"/>
    <property name="sun.cpu.endian" value="little"/>
    <property name="user.home" value="C:\Users\Hunter"/>
    <property name="user.language" value="en"/>
    <property name="java.specification.vendor" value="Oracle Corporation"/>
    <property name="java.version.date" value="2023-10-17"/>
    <property name="java.home" value="C:\Program Files\Java\jdk-17"/>
    <property name="file.separator" value="\"/>
    <property name="basedir" value="C:\Users\Hunter\eclipse-workspace\NG"/>
    <property name="java.vm.compressedOopsMode" value="Zero based"/>
    <property name="line.separator" value="&#10;"/>
    <property name="java.vm.specification.vendor" value="Oracle Corporation"/>
    <property name="java.specification.name" value="Java Platform API Specification"/>
    <property name="surefire.real.class.path" value="C:\Users\Hunter\AppData\Local\Temp\surefire3506696343102779116\surefirebooter-20240529231138774_3.jar"/>
    <property name="user.script" value=""/>
    <property name="sun.management.compiler" value="HotSpot 64-Bit Tiered Compilers"/>
    <property name="java.runtime.version" value="17.0.9+11-LTS-201"/>
    <property name="user.name" value="Hunter"/>
    <property name="path.separator" value=";"/>
    <property name="os.version" value="10.0"/>
    <property name="java.runtime.name" value="Java(TM) SE Runtime Environment"/>
    <property name="file.encoding" value="Cp1252"/>
    <property name="java.vm.name" value="Java HotSpot(TM) 64-Bit Server VM"/>
    <property name="localRepository" value="C:\Users\Hunter\.m2\repository"/>
    <property name="java.vendor.url.bug" value="https://bugreport.java.com/bugreport/"/>
    <property name="java.io.tmpdir" value="C:\Users\Hunter\AppData\Local\Temp\"/>
    <property name="idea.version" value="2024.1.2"/>
    <property name="java.version" value="17.0.9"/>
    <property name="user.dir" value="C:\Users\Hunter\eclipse-workspace\NG"/>
    <property name="os.arch" value="amd64"/>
    <property name="java.vm.specification.name" value="Java Virtual Machine Specification"/>
    <property name="sun.os.patch.level" value=""/>
    <property name="native.encoding" value="Cp1252"/>
    <property name="java.library.path" value="C:\Program Files\Java\jdk-17\bin;C:\WINDOWS\Sun\Java\bin;C:\WINDOWS\system32;C:\WINDOWS;C:\Program Files\Google\Chrome\Application;C:\Program Files\Common Files\Oracle\Java\javapath;C:\Program Files (x86)\Common Files\Oracle\Java\javapath;C:\Program Files (x86)\Razer Chroma SDK\bin;C:\Program Files\Razer Chroma SDK\bin;C:\Program Files (x86)\Razer\ChromaBroadcast\bin;C:\Program Files\Razer\ChromaBroadcast\bin;C:\WINDOWS\system32;C:\WINDOWS;C:\WINDOWS\System32\Wbem;C:\WINDOWS\System32\WindowsPowerShell\v1.0\;C:\WINDOWS\System32\OpenSSH\;C:\Program Files\NVIDIA Corporation\NVIDIA NvDLISR;C:\Program Files (x86)\NVIDIA Corporation\PhysX\Common;C:\Program Files (x86)\Codebox\BitMeterOS;C:\WINDOWS\system32\config\systemprofile\AppData\Local\Microsoft\WindowsApps;C:\Program Files\PuTTY\;C:\WINDOWS\system32;C:\WINDOWS;C:\WINDOWS\System32\Wbem;C:\WINDOWS\System32\WindowsPowerShell\v1.0\;C:\WINDOWS\System32\OpenSSH\;C:\Program Files\dotnet\;C:\Users\Hunter\Downloads\apache-maven-3.9.5-bin\apache-maven-3.9.5\bin;C:\Users\Hunter\AppData\Local\Microsoft\WindowsApps;C:\Users\Hunter\AppData\Local\Microsoft\WindowsApps;C:\Users\Hunter\Downloads\apache-maven-3.9.5-bin\apache-maven-3.9.5\bin;."/>
    <property name="java.vm.info" value="mixed mode, sharing"/>
    <property name="java.vendor" value="Oracle Corporation"/>
    <property name="java.vm.version" value="17.0.9+11-LTS-201"/>
    <property name="sun.io.unicode.encoding" value="UnicodeLittle"/>
    <property name="java.class.version" value="61.0"/>
  </properties>
  <testcase name="homepageRendersSuccessfully" classname="sbtech.NG.TestNG" time="0.571">
    <system-err><![CDATA[[main] INFO org.apache.wicket.Application - [WicketTesterApplication-d8a4c19d-88ad-4da3-8288-01d5399e3d71] init: Wicket extensions initializer
[main] INFO org.apache.wicket.Application - [WicketTesterApplication-d8a4c19d-88ad-4da3-8288-01d5399e3d71] init: Wicket core library initializer
[main] INFO wicket-jquery-selectors - initialize wicket jquery selectors with given settings: de.agilecoders.wicket.jquery.settings.WicketJquerySelectorsSettings@5cde6747
[main] INFO wicket-webjars - initialize wicket webjars with given settings: WebjarsSettings{readFromCacheTimeout=PT3S, resourceStreamProvider=de.agilecoders.wicket.webjars.settings.ResourceStreamProvider$1@fade1fc, recentVersionPlaceHolder='current', assetPathCollectors=[de.agilecoders.wicket.webjars.collectors.ClasspathAssetPathCollector@17a1e4ca, de.agilecoders.wicket.webjars.collectors.VfsAssetPathCollector@10ded6a9, de.agilecoders.wicket.webjars.collectors.FileAssetPathCollector@c5dc4a2], webjarsPackage='META-INF.resources.webjars', webjarsPath='META-INF/resources/webjars', resourcePattern=META-INF/resources/webjars/.*, webjarsPathPattern=/webjars/([^\/]*)\/([^\/]*)\/(.*), useCdnResources=false, cdnUrl='//cdn.jsdelivr.net:80/webjars/org.webjars'}
]]></system-err>
  </testcase>
</testsuite>